{"D:\\code\\OT\\Care-Flow\\client\\src\\components\\Modals\\ConfirmationModal.tsx": {"path":"D:\\code\\OT\\Care-Flow\\client\\src\\components\\Modals\\ConfirmationModal.tsx","statementMap":{"0":{"start":{"line":1,"column":0},"end":{"line":1,"column":36}},"1":{"start":{"line":2,"column":0},"end":{"line":2,"column":40}},"2":{"start":{"line":3,"column":0},"end":{"line":3,"column":42}},"3":{"start":{"line":5,"column":19},"end":{"line":9,"column":2}},"4":{"start":{"line":11,"column":19},"end":{"line":18,"column":2}},"5":{"start":{"line":20,"column":29},"end":{"line":24,"column":2}},"6":{"start":{"line":37,"column":23},"end":{"line":37,"column":28}},"7":{"start":{"line":38,"column":21},"end":{"line":38,"column":31}},"8":{"start":{"line":39,"column":24},"end":{"line":39,"column":62}},"9":{"start":{"line":41,"column":14},"end":{"line":41,"column":70}},"10":{"start":{"line":44,"column":4},"end":{"line":46,"column":null}},"11":{"start":{"line":50,"column":2},"end":{"line":84,"column":4}},"12":{"start":{"line":32,"column":0},"end":{"line":32,"column":24}}},"fnMap":{"0":{"name":"ConfirmationModal","decl":{"start":{"line":32,"column":24},"end":{"line":32,"column":41}},"loc":{"start":{"line":36,"column":25},"end":{"line":85,"column":1}}}},"branchMap":{},"s":{"0":1,"1":1,"2":1,"3":1,"4":1,"5":1,"6":3,"7":3,"8":3,"9":3,"10":3,"11":3,"12":1},"f":{"0":3},"b":{}}
,"D:\\code\\OT\\Care-Flow\\client\\src\\components\\SideBar\\AdminSideBar.tsx": {"path":"D:\\code\\OT\\Care-Flow\\client\\src\\components\\SideBar\\AdminSideBar.tsx","statementMap":{"0":{"start":{"line":1,"column":0},"end":{"line":1,"column":42}},"1":{"start":{"line":2,"column":0},"end":{"line":2,"column":38}},"2":{"start":{"line":3,"column":0},"end":{"line":3,"column":46}},"3":{"start":{"line":4,"column":0},"end":{"line":4,"column":58}},"4":{"start":{"line":5,"column":0},"end":{"line":5,"column":54}},"5":{"start":{"line":6,"column":0},"end":{"line":6,"column":54}},"6":{"start":{"line":7,"column":0},"end":{"line":7,"column":48}},"7":{"start":{"line":8,"column":0},"end":{"line":8,"column":50}},"8":{"start":{"line":9,"column":0},"end":{"line":9,"column":40}},"9":{"start":{"line":10,"column":0},"end":{"line":10,"column":47}},"10":{"start":{"line":12,"column":20},"end":{"line":12,"column":23}},"11":{"start":{"line":15,"column":20},"end":{"line":18,"column":4}},"12":{"start":{"line":19,"column":19},"end":{"line":19,"column":32}},"13":{"start":{"line":21,"column":15},"end":{"line":23,"column":3}},"14":{"start":{"line":22,"column":4},"end":{"line":22,"column":16}},"15":{"start":{"line":25,"column":2},"end":{"line":49,"column":4}},"16":{"start":{"line":40,"column":10},"end":{"line":40,"column":32}},"17":{"start":{"line":41,"column":43},"end":{"line":41,"column":53}},"18":{"start":{"line":14,"column":0},"end":{"line":14,"column":24}}},"fnMap":{"0":{"name":"AdminSideBar","decl":{"start":{"line":14,"column":24},"end":{"line":14,"column":36}},"loc":{"start":{"line":14,"column":36},"end":{"line":50,"column":1}}},"1":{"name":"(anonymous_1)","decl":{"start":{"line":21,"column":15},"end":{"line":21,"column":16}},"loc":{"start":{"line":21,"column":29},"end":{"line":23,"column":3}}},"2":{"name":"(anonymous_2)","decl":{"start":{"line":39,"column":23},"end":{"line":39,"column":24}},"loc":{"start":{"line":40,"column":10},"end":{"line":40,"column":32}}},"3":{"name":"(anonymous_3)","decl":{"start":{"line":41,"column":37},"end":{"line":41,"column":40}},"loc":{"start":{"line":41,"column":43},"end":{"line":41,"column":53}}}},"branchMap":{},"s":{"0":1,"1":1,"2":1,"3":1,"4":1,"5":1,"6":1,"7":1,"8":1,"9":1,"10":1,"11":1,"12":1,"13":1,"14":0,"15":1,"16":2,"17":0,"18":1},"f":{"0":1,"1":0,"2":2,"3":0},"b":{}}
,"D:\\code\\OT\\Care-Flow\\client\\src\\components\\SideBar\\CaregiverSideBar.tsx": {"path":"D:\\code\\OT\\Care-Flow\\client\\src\\components\\SideBar\\CaregiverSideBar.tsx","statementMap":{"0":{"start":{"line":1,"column":0},"end":{"line":1,"column":42}},"1":{"start":{"line":2,"column":0},"end":{"line":2,"column":38}},"2":{"start":{"line":3,"column":0},"end":{"line":3,"column":46}},"3":{"start":{"line":4,"column":0},"end":{"line":4,"column":58}},"4":{"start":{"line":5,"column":0},"end":{"line":5,"column":54}},"5":{"start":{"line":6,"column":0},"end":{"line":6,"column":54}},"6":{"start":{"line":7,"column":0},"end":{"line":7,"column":48}},"7":{"start":{"line":8,"column":0},"end":{"line":8,"column":68}},"8":{"start":{"line":9,"column":0},"end":{"line":9,"column":40}},"9":{"start":{"line":10,"column":0},"end":{"line":10,"column":47}},"10":{"start":{"line":12,"column":20},"end":{"line":12,"column":23}},"11":{"start":{"line":15,"column":24},"end":{"line":18,"column":4}},"12":{"start":{"line":20,"column":19},"end":{"line":20,"column":32}},"13":{"start":{"line":22,"column":15},"end":{"line":24,"column":3}},"14":{"start":{"line":23,"column":4},"end":{"line":23,"column":16}},"15":{"start":{"line":26,"column":2},"end":{"line":50,"column":4}},"16":{"start":{"line":41,"column":10},"end":{"line":41,"column":32}},"17":{"start":{"line":42,"column":43},"end":{"line":42,"column":53}},"18":{"start":{"line":14,"column":0},"end":{"line":14,"column":24}}},"fnMap":{"0":{"name":"CaregiverSideBar","decl":{"start":{"line":14,"column":24},"end":{"line":14,"column":40}},"loc":{"start":{"line":14,"column":40},"end":{"line":51,"column":1}}},"1":{"name":"(anonymous_1)","decl":{"start":{"line":22,"column":15},"end":{"line":22,"column":16}},"loc":{"start":{"line":22,"column":29},"end":{"line":24,"column":3}}},"2":{"name":"(anonymous_2)","decl":{"start":{"line":40,"column":27},"end":{"line":40,"column":28}},"loc":{"start":{"line":41,"column":10},"end":{"line":41,"column":32}}},"3":{"name":"(anonymous_3)","decl":{"start":{"line":42,"column":37},"end":{"line":42,"column":40}},"loc":{"start":{"line":42,"column":43},"end":{"line":42,"column":53}}}},"branchMap":{},"s":{"0":1,"1":1,"2":1,"3":1,"4":1,"5":1,"6":1,"7":1,"8":1,"9":1,"10":1,"11":1,"12":1,"13":1,"14":0,"15":1,"16":2,"17":0,"18":1},"f":{"0":1,"1":0,"2":2,"3":0},"b":{}}
,"D:\\code\\OT\\Care-Flow\\client\\src\\components\\SideBar\\ManagerSideBar.tsx": {"path":"D:\\code\\OT\\Care-Flow\\client\\src\\components\\SideBar\\ManagerSideBar.tsx","statementMap":{"0":{"start":{"line":1,"column":0},"end":{"line":1,"column":42}},"1":{"start":{"line":2,"column":0},"end":{"line":2,"column":38}},"2":{"start":{"line":3,"column":0},"end":{"line":3,"column":46}},"3":{"start":{"line":4,"column":0},"end":{"line":4,"column":58}},"4":{"start":{"line":5,"column":0},"end":{"line":5,"column":54}},"5":{"start":{"line":6,"column":0},"end":{"line":6,"column":54}},"6":{"start":{"line":7,"column":0},"end":{"line":7,"column":48}},"7":{"start":{"line":8,"column":0},"end":{"line":8,"column":66}},"8":{"start":{"line":9,"column":0},"end":{"line":9,"column":60}},"9":{"start":{"line":10,"column":0},"end":{"line":10,"column":48}},"10":{"start":{"line":11,"column":0},"end":{"line":11,"column":40}},"11":{"start":{"line":12,"column":0},"end":{"line":12,"column":47}},"12":{"start":{"line":14,"column":20},"end":{"line":14,"column":23}},"13":{"start":{"line":17,"column":22},"end":{"line":22,"column":4}},"14":{"start":{"line":24,"column":19},"end":{"line":24,"column":32}},"15":{"start":{"line":26,"column":15},"end":{"line":28,"column":3}},"16":{"start":{"line":27,"column":4},"end":{"line":27,"column":16}},"17":{"start":{"line":30,"column":2},"end":{"line":54,"column":4}},"18":{"start":{"line":45,"column":10},"end":{"line":45,"column":32}},"19":{"start":{"line":46,"column":43},"end":{"line":46,"column":53}},"20":{"start":{"line":16,"column":0},"end":{"line":16,"column":24}}},"fnMap":{"0":{"name":"ManagerSideBar","decl":{"start":{"line":16,"column":24},"end":{"line":16,"column":38}},"loc":{"start":{"line":16,"column":38},"end":{"line":55,"column":1}}},"1":{"name":"(anonymous_1)","decl":{"start":{"line":26,"column":15},"end":{"line":26,"column":16}},"loc":{"start":{"line":26,"column":29},"end":{"line":28,"column":3}}},"2":{"name":"(anonymous_2)","decl":{"start":{"line":44,"column":25},"end":{"line":44,"column":26}},"loc":{"start":{"line":45,"column":10},"end":{"line":45,"column":32}}},"3":{"name":"(anonymous_3)","decl":{"start":{"line":46,"column":37},"end":{"line":46,"column":40}},"loc":{"start":{"line":46,"column":43},"end":{"line":46,"column":53}}}},"branchMap":{},"s":{"0":1,"1":1,"2":1,"3":1,"4":1,"5":1,"6":1,"7":1,"8":1,"9":1,"10":1,"11":1,"12":1,"13":1,"14":1,"15":1,"16":0,"17":1,"18":4,"19":0,"20":1},"f":{"0":1,"1":0,"2":4,"3":0},"b":{}}
}
