TN:
SF:src\components\Modals\ConfirmationModal.tsx
FN:32,ConfirmationModal
FNF:1
FNH:1
FNDA:3,ConfirmationModal
DA:1,1
DA:2,1
DA:3,1
DA:5,1
DA:11,1
DA:20,1
DA:32,1
DA:37,3
DA:38,3
DA:39,3
DA:41,3
DA:44,3
DA:50,3
LF:13
LH:13
BRF:0
BRH:0
end_of_record
TN:
SF:src\components\SideBar\AdminSideBar.tsx
FN:19,AdminSideBar
FN:26,(anonymous_1)
FN:44,(anonymous_2)
FN:46,(anonymous_3)
FNF:4
FNH:4
FNDA:5,AdminSideBar
FNDA:2,(anonymous_1)
FNDA:10,(anonymous_2)
FNDA:2,(anonymous_3)
DA:1,1
DA:2,1
DA:3,1
DA:4,1
DA:5,1
DA:6,1
DA:7,1
DA:8,1
DA:9,1
DA:10,1
DA:11,1
DA:12,1
DA:14,1
DA:19,1
DA:20,5
DA:21,5
DA:22,5
DA:24,5
DA:26,5
DA:27,2
DA:30,5
DA:45,10
DA:46,2
LF:23
LH:23
BRDA:24,0,0,1
BRDA:24,0,1,4
BRF:2
BRH:2
end_of_record
TN:
SF:src\components\SideBar\CaregiverSideBar.tsx
FN:19,CaregiverSideBar
FN:25,(anonymous_1)
FN:43,(anonymous_2)
FN:45,(anonymous_3)
FNF:4
FNH:4
FNDA:5,CaregiverSideBar
FNDA:2,(anonymous_1)
FNDA:10,(anonymous_2)
FNDA:2,(anonymous_3)
DA:1,1
DA:2,1
DA:3,1
DA:4,1
DA:5,1
DA:6,1
DA:7,1
DA:8,1
DA:9,1
DA:10,1
DA:11,1
DA:12,1
DA:14,1
DA:19,1
DA:20,5
DA:21,5
DA:22,5
DA:23,5
DA:25,5
DA:26,2
DA:29,5
DA:44,10
DA:45,2
LF:23
LH:23
BRDA:23,0,0,1
BRDA:23,0,1,4
BRF:2
BRH:2
end_of_record
TN:
SF:src\components\SideBar\ManagerSideBar.tsx
FN:23,ManagerSideBar
FN:29,(anonymous_1)
FN:47,(anonymous_2)
FN:49,(anonymous_3)
FNF:4
FNH:4
FNDA:7,ManagerSideBar
FNDA:4,(anonymous_1)
FNDA:28,(anonymous_2)
FNDA:4,(anonymous_3)
DA:1,1
DA:2,1
DA:3,1
DA:4,1
DA:5,1
DA:6,1
DA:7,1
DA:8,1
DA:9,1
DA:10,1
DA:11,1
DA:12,1
DA:13,1
DA:14,1
DA:16,1
DA:23,1
DA:24,7
DA:25,7
DA:26,7
DA:27,7
DA:29,7
DA:30,4
DA:33,7
DA:48,28
DA:49,4
LF:25
LH:25
BRDA:27,0,0,1
BRDA:27,0,1,6
BRF:2
BRH:2
end_of_record
