TN:
SF:src\components\Modals\ConfirmationModal.tsx
FN:32,ConfirmationModal
FNF:1
FNH:1
FNDA:3,ConfirmationModal
DA:1,1
DA:2,1
DA:3,1
DA:5,1
DA:11,1
DA:20,1
DA:32,1
DA:37,3
DA:38,3
DA:39,3
DA:41,3
DA:44,3
DA:50,3
LF:13
LH:13
BRF:0
BRH:0
end_of_record
TN:
SF:src\components\SideBar\AdminSideBar.tsx
FN:14,AdminSideBar
FN:21,(anonymous_1)
FN:39,(anonymous_2)
FN:41,(anonymous_3)
FNF:4
FNH:2
FNDA:1,AdminSideBar
FNDA:0,(anonymous_1)
FNDA:2,(anonymous_2)
FNDA:0,(anonymous_3)
DA:1,1
DA:2,1
DA:3,1
DA:4,1
DA:5,1
DA:6,1
DA:7,1
DA:8,1
DA:9,1
DA:10,1
DA:12,1
DA:14,1
DA:15,1
DA:19,1
DA:21,1
DA:22,0
DA:25,1
DA:40,2
DA:41,0
LF:19
LH:17
BRF:0
BRH:0
end_of_record
TN:
SF:src\components\SideBar\CaregiverSideBar.tsx
FN:14,CaregiverSideBar
FN:22,(anonymous_1)
FN:40,(anonymous_2)
FN:42,(anonymous_3)
FNF:4
FNH:2
FNDA:1,CaregiverSideBar
FNDA:0,(anonymous_1)
FNDA:2,(anonymous_2)
FNDA:0,(anonymous_3)
DA:1,1
DA:2,1
DA:3,1
DA:4,1
DA:5,1
DA:6,1
DA:7,1
DA:8,1
DA:9,1
DA:10,1
DA:12,1
DA:14,1
DA:15,1
DA:20,1
DA:22,1
DA:23,0
DA:26,1
DA:41,2
DA:42,0
LF:19
LH:17
BRF:0
BRH:0
end_of_record
TN:
SF:src\components\SideBar\ManagerSideBar.tsx
FN:16,ManagerSideBar
FN:26,(anonymous_1)
FN:44,(anonymous_2)
FN:46,(anonymous_3)
FNF:4
FNH:2
FNDA:1,ManagerSideBar
FNDA:0,(anonymous_1)
FNDA:4,(anonymous_2)
FNDA:0,(anonymous_3)
DA:1,1
DA:2,1
DA:3,1
DA:4,1
DA:5,1
DA:6,1
DA:7,1
DA:8,1
DA:9,1
DA:10,1
DA:11,1
DA:12,1
DA:14,1
DA:16,1
DA:17,1
DA:24,1
DA:26,1
DA:27,0
DA:30,1
DA:45,4
DA:46,0
LF:21
LH:19
BRF:0
BRH:0
end_of_record
